Command Line Args: Namespace(config_file='./configs/C10_R20-FRN-SiLU/C10_R20-FRN-SiLU_SGD.yaml', weight_file='./outputs/C10_R20-FRN-SiLU/HMC/model_c03_e290.pth.tar', num_cycles=3, num_epochs=290, num_last_epochs=10, ensemble_progress=False, opts=[])

Standard metrics on test examples:
  # per cycle     ACC     NLL     ECE     ENT     KLD
-------------  ------  ------  ------  ------  ------
            1  0.8753  0.4423  0.0283  0.2960  1.0895
           10  0.8996  0.3222  0.0421  0.3919  1.0216

Calibrated metrics on test examples:
  # per cycle     ACC     NLL     ECE     ENT     KLD
-------------  ------  ------  ------  ------  ------
            1  0.8753  0.4165  0.0441  0.3959  1.3547
           10  0.8996  0.3160  0.0103  0.2941  0.7719

Command Line Args: Namespace(config_file='./configs/C10_R20-FRN-SiLU/C10_R20-FRN-SiLU_SGD.yaml', weight_file='./outputs/C10_R20-FRN-SiLU/HMC/model_c03_e290.pth.tar', num_cycles=3, num_epochs=290, num_last_epochs=290, ensemble_progress=True, opts=[])

Standard metrics on test examples:
  # per cycle     ACC     NLL     ECE     ENT     KLD
-------------  ------  ------  ------  ------  ------
            1  0.8753  0.4423  0.0283  0.2960  1.0895
            2  0.8879  0.3720  0.0311  0.3425  1.0353
            3  0.8924  0.3534  0.0331  0.3624  1.0308
            4  0.8953  0.3417  0.0359  0.3739  1.0253
            5  0.8957  0.3339  0.0375  0.3814  1.0270
            6  0.8988  0.3289  0.0407  0.3861  1.0243
            7  0.8987  0.3266  0.0408  0.3876  1.0237
            8  0.8998  0.3252  0.0423  0.3894  1.0227
            9  0.8990  0.3246  0.0410  0.3888  1.0186
           10  0.8996  0.3222  0.0421  0.3919  1.0216
           11  0.8994  0.3218  0.0419  0.3924  0.0000
           12  0.8992  0.3212  0.0430  0.3933  0.0000
           13  0.8994  0.3214  0.0429  0.3942  0.0000
           14  0.8996  0.3203  0.0425  0.3957  0.0000
           15  0.9002  0.3197  0.0434  0.3974  0.0000
           16  0.9004  0.3190  0.0439  0.3986  0.0000
           17  0.9011  0.3187  0.0446  0.3992  0.0000
           18  0.9003  0.3182  0.0446  0.4013  0.0000
           19  0.9007  0.3182  0.0448  0.4022  0.0000
           20  0.9001  0.3182  0.0446  0.4031  0.0000
           21  0.8998  0.3180  0.0443  0.4038  0.0000
           22  0.8995  0.3170  0.0441  0.4048  0.0000
           23  0.8995  0.3167  0.0444  0.4061  0.0000
           24  0.9005  0.3158  0.0454  0.4067  0.0000
           25  0.9009  0.3153  0.0461  0.4076  0.0000
           26  0.9007  0.3148  0.0459  0.4083  0.0000
           27  0.9011  0.3145  0.0463  0.4089  0.0000
           28  0.9009  0.3143  0.0462  0.4091  0.0000
           29  0.9000  0.3141  0.0453  0.4098  0.0000
           30  0.9001  0.3138  0.0463  0.4103  0.0000
           31  0.9002  0.3135  0.0458  0.4111  0.0000
           32  0.8999  0.3134  0.0461  0.4119  0.0000
           33  0.9006  0.3132  0.0465  0.4125  0.0000
           34  0.9006  0.3126  0.0467  0.4129  0.0000
           35  0.9011  0.3122  0.0472  0.4132  0.0000
           36  0.9013  0.3120  0.0474  0.4133  0.0000
           37  0.9014  0.3117  0.0475  0.4137  0.0000
           38  0.9014  0.3116  0.0475  0.4141  0.0000
           39  0.9020  0.3116  0.0481  0.4144  0.0000
           40  0.9026  0.3114  0.0488  0.4148  0.0000
           41  0.9027  0.3113  0.0490  0.4153  0.0000
           42  0.9029  0.3112  0.0491  0.4155  0.0000
           43  0.9036  0.3111  0.0499  0.4158  0.0000
           44  0.9037  0.3111  0.0500  0.4160  0.0000
           45  0.9035  0.3107  0.0499  0.4163  0.0000
           46  0.9029  0.3106  0.0493  0.4167  0.0000
           47  0.9031  0.3104  0.0496  0.4169  0.0000
           48  0.9032  0.3103  0.0498  0.4174  0.0000
           49  0.9034  0.3099  0.0500  0.4178  0.0000
           50  0.9036  0.3098  0.0502  0.4180  0.0000
           51  0.9033  0.3095  0.0499  0.4181  0.0000
           52  0.9032  0.3094  0.0499  0.4183  0.0000
           53  0.9031  0.3093  0.0498  0.4185  0.0000
           54  0.9033  0.3091  0.0501  0.4188  0.0000
           55  0.9033  0.3090  0.0501  0.4190  0.0000
           56  0.9029  0.3088  0.0497  0.4192  0.0000
           57  0.9032  0.3087  0.0501  0.4193  0.0000
           58  0.9027  0.3084  0.0496  0.4195  0.0000
           59  0.9031  0.3084  0.0500  0.4197  0.0000
           60  0.9031  0.3082  0.0501  0.4199  0.0000
           61  0.9030  0.3082  0.0501  0.4202  0.0000
           62  0.9028  0.3081  0.0499  0.4203  0.0000
           63  0.9029  0.3082  0.0501  0.4206  0.0000
           64  0.9032  0.3081  0.0503  0.4206  0.0000
           65  0.9034  0.3080  0.0505  0.4207  0.0000
           66  0.9040  0.3079  0.0512  0.4209  0.0000
           67  0.9035  0.3078  0.0507  0.4211  0.0000
           68  0.9032  0.3077  0.0504  0.4212  0.0000
           69  0.9040  0.3075  0.0513  0.4214  0.0000
           70  0.9040  0.3075  0.0513  0.4215  0.0000
           71  0.9038  0.3073  0.0511  0.4217  0.0000
           72  0.9041  0.3073  0.0514  0.4218  0.0000
           73  0.9042  0.3074  0.0516  0.4221  0.0000
           74  0.9040  0.3073  0.0515  0.4223  0.0000
           75  0.9052  0.3073  0.0527  0.4225  0.0000
           76  0.9050  0.3073  0.0526  0.4227  0.0000
           77  0.9052  0.3074  0.0528  0.4230  0.0000
           78  0.9052  0.3074  0.0528  0.4231  0.0000
           79  0.9048  0.3074  0.0525  0.4233  0.0000
           80  0.9056  0.3073  0.0533  0.4234  0.0000
           81  0.9058  0.3072  0.0535  0.4235  0.0000
           82  0.9055  0.3073  0.0532  0.4237  0.0000
           83  0.9057  0.3073  0.0535  0.4239  0.0000
           84  0.9057  0.3073  0.0535  0.4241  0.0000
           85  0.9058  0.3073  0.0537  0.4243  0.0000
           86  0.9061  0.3072  0.0540  0.4245  0.0000
           87  0.9053  0.3072  0.0532  0.4246  0.0000
           88  0.9052  0.3071  0.0531  0.4247  0.0000
           89  0.9054  0.3071  0.0533  0.4248  0.0000
           90  0.9054  0.3069  0.0534  0.4249  0.0000
           91  0.9059  0.3069  0.0539  0.4251  0.0000
           92  0.9058  0.3068  0.0538  0.4253  0.0000
           93  0.9057  0.3067  0.0538  0.4254  0.0000
           94  0.9059  0.3068  0.0540  0.4256  0.0000
           95  0.9057  0.3067  0.0538  0.4257  0.0000
           96  0.9056  0.3066  0.0537  0.4258  0.0000
           97  0.9057  0.3067  0.0538  0.4260  0.0000
           98  0.9060  0.3067  0.0541  0.4260  0.0000
           99  0.9061  0.3067  0.0543  0.4262  0.0000
          100  0.9059  0.3067  0.0541  0.4263  0.0000
          101  0.9059  0.3066  0.0541  0.4264  0.0000
          102  0.9060  0.3065  0.0544  0.4265  0.0000
          103  0.9059  0.3065  0.0544  0.4265  0.0000
          104  0.9057  0.3064  0.0542  0.4267  0.0000
          105  0.9062  0.3063  0.0548  0.4268  0.0000
          106  0.9063  0.3063  0.0547  0.4269  0.0000
          107  0.9066  0.3063  0.0551  0.4269  0.0000
          108  0.9061  0.3061  0.0546  0.4271  0.0000
          109  0.9062  0.3061  0.0547  0.4272  0.0000
          110  0.9061  0.3061  0.0547  0.4273  0.0000
          111  0.9062  0.3062  0.0547  0.4275  0.0000
          112  0.9059  0.3062  0.0544  0.4276  0.0000
          113  0.9059  0.3061  0.0545  0.4277  0.0000
          114  0.9062  0.3060  0.0548  0.4278  0.0000
          115  0.9059  0.3060  0.0545  0.4279  0.0000
          116  0.9057  0.3060  0.0543  0.4280  0.0000
          117  0.9057  0.3059  0.0543  0.4281  0.0000
          118  0.9057  0.3058  0.0543  0.4282  0.0000
          119  0.9056  0.3058  0.0542  0.4283  0.0000
          120  0.9055  0.3059  0.0542  0.4284  0.0000
          121  0.9054  0.3058  0.0543  0.4285  0.0000
          122  0.9051  0.3057  0.0539  0.4285  0.0000
          123  0.9055  0.3056  0.0543  0.4286  0.0000
          124  0.9058  0.3056  0.0546  0.4287  0.0000
          125  0.9060  0.3055  0.0547  0.4287  0.0000
          126  0.9060  0.3055  0.0547  0.4288  0.0000
          127  0.9062  0.3054  0.0550  0.4289  0.0000
          128  0.9061  0.3054  0.0549  0.4290  0.0000
          129  0.9063  0.3054  0.0551  0.4291  0.0000
          130  0.9066  0.3054  0.0554  0.4292  0.0000
          131  0.9064  0.3053  0.0553  0.4293  0.0000
          132  0.9065  0.3053  0.0554  0.4294  0.0000
          133  0.9065  0.3053  0.0554  0.4295  0.0000
          134  0.9064  0.3053  0.0553  0.4296  0.0000
          135  0.9067  0.3053  0.0556  0.4297  0.0000
          136  0.9065  0.3053  0.0554  0.4298  0.0000
          137  0.9062  0.3052  0.0551  0.4298  0.0000
          138  0.9062  0.3052  0.0552  0.4299  0.0000
          139  0.9063  0.3052  0.0553  0.4300  0.0000
          140  0.9063  0.3052  0.0553  0.4300  0.0000
          141  0.9063  0.3053  0.0553  0.4301  0.0000
          142  0.9063  0.3052  0.0553  0.4301  0.0000
          143  0.9062  0.3052  0.0554  0.4303  0.0000
          144  0.9060  0.3051  0.0551  0.4304  0.0000
          145  0.9058  0.3051  0.0549  0.4305  0.0000
          146  0.9060  0.3051  0.0551  0.4306  0.0000
          147  0.9061  0.3051  0.0553  0.4307  0.0000
          148  0.9064  0.3051  0.0556  0.4308  0.0000
          149  0.9059  0.3050  0.0551  0.4309  0.0000
          150  0.9058  0.3050  0.0552  0.4310  0.0000
          151  0.9061  0.3050  0.0557  0.4311  0.0000
          152  0.9058  0.3050  0.0555  0.4312  0.0000
          153  0.9061  0.3050  0.0554  0.4312  0.0000
          154  0.9061  0.3050  0.0556  0.4313  0.0000
          155  0.9061  0.3050  0.0556  0.4314  0.0000
          156  0.9064  0.3050  0.0563  0.4314  0.0000
          157  0.9065  0.3051  0.0562  0.4316  0.0000
          158  0.9064  0.3051  0.0565  0.4316  0.0000
          159  0.9068  0.3051  0.0568  0.4317  0.0000
          160  0.9067  0.3051  0.0569  0.4318  0.0000
          161  0.9070  0.3051  0.0569  0.4319  0.0000
          162  0.9067  0.3051  0.0572  0.4320  0.0000
          163  0.9065  0.3051  0.0571  0.4321  0.0000
          164  0.9066  0.3051  0.0571  0.4321  0.0000
          165  0.9066  0.3051  0.0569  0.4322  0.0000
          166  0.9066  0.3052  0.0572  0.4323  0.0000
          167  0.9066  0.3051  0.0571  0.4324  0.0000
          168  0.9065  0.3052  0.0566  0.4325  0.0000
          169  0.9068  0.3052  0.0569  0.4326  0.0000
          170  0.9069  0.3052  0.0571  0.4327  0.0000
          171  0.9068  0.3053  0.0566  0.4328  0.0000
          172  0.9069  0.3053  0.0567  0.4329  0.0000
          173  0.9068  0.3053  0.0565  0.4330  0.0000
          174  0.9070  0.3053  0.0567  0.4331  0.0000
          175  0.9071  0.3053  0.0568  0.4332  0.0000
          176  0.9071  0.3053  0.0568  0.4333  0.0000
          177  0.9070  0.3053  0.0567  0.4334  0.0000
          178  0.9074  0.3053  0.0572  0.4336  0.0000
          179  0.9074  0.3054  0.0572  0.4338  0.0000
          180  0.9076  0.3053  0.0574  0.4338  0.0000
          181  0.9076  0.3054  0.0575  0.4339  0.0000
          182  0.9075  0.3053  0.0574  0.4340  0.0000
          183  0.9076  0.3053  0.0575  0.4341  0.0000
          184  0.9077  0.3053  0.0576  0.4343  0.0000
          185  0.9076  0.3053  0.0576  0.4344  0.0000
          186  0.9076  0.3054  0.0576  0.4345  0.0000
          187  0.9073  0.3053  0.0573  0.4345  0.0000
          188  0.9073  0.3053  0.0573  0.4347  0.0000
          189  0.9073  0.3053  0.0574  0.4348  0.0000
          190  0.9076  0.3053  0.0577  0.4349  0.0000
          191  0.9074  0.3053  0.0575  0.4350  0.0000
          192  0.9072  0.3054  0.0573  0.4351  0.0000
          193  0.9072  0.3053  0.0573  0.4352  0.0000
          194  0.9075  0.3053  0.0577  0.4352  0.0000
          195  0.9075  0.3054  0.0577  0.4353  0.0000
          196  0.9075  0.3054  0.0577  0.4354  0.0000
          197  0.9076  0.3054  0.0578  0.4355  0.0000
          198  0.9073  0.3054  0.0576  0.4357  0.0000
          199  0.9075  0.3054  0.0578  0.4358  0.0000
          200  0.9076  0.3054  0.0579  0.4359  0.0000
          201  0.9071  0.3055  0.0575  0.4360  0.0000
          202  0.9075  0.3055  0.0579  0.4361  0.0000
          203  0.9072  0.3055  0.0577  0.4362  0.0000
          204  0.9073  0.3054  0.0578  0.4364  0.0000
          205  0.9076  0.3054  0.0583  0.4365  0.0000
          206  0.9073  0.3055  0.0580  0.4366  0.0000
          207  0.9075  0.3056  0.0583  0.4367  0.0000
          208  0.9073  0.3056  0.0580  0.4368  0.0000
          209  0.9075  0.3056  0.0582  0.4370  0.0000
          210  0.9073  0.3056  0.0582  0.4371  0.0000
          211  0.9072  0.3056  0.0582  0.4372  0.0000
          212  0.9075  0.3056  0.0585  0.4373  0.0000
          213  0.9073  0.3056  0.0583  0.4375  0.0000
          214  0.9073  0.3056  0.0584  0.4376  0.0000
          215  0.9076  0.3057  0.0587  0.4378  0.0000
          216  0.9074  0.3057  0.0586  0.4379  0.0000
          217  0.9076  0.3057  0.0588  0.4380  0.0000
          218  0.9073  0.3058  0.0585  0.4382  0.0000
          219  0.9074  0.3058  0.0586  0.4383  0.0000
          220  0.9077  0.3058  0.0588  0.4384  0.0000
          221  0.9075  0.3059  0.0586  0.4386  0.0000
          222  0.9074  0.3060  0.0586  0.4387  0.0000
          223  0.9074  0.3060  0.0586  0.4389  0.0000
          224  0.9074  0.3061  0.0587  0.4391  0.0000
          225  0.9071  0.3061  0.0584  0.4392  0.0000
          226  0.9071  0.3061  0.0585  0.4394  0.0000
          227  0.9071  0.3062  0.0585  0.4396  0.0000
          228  0.9071  0.3062  0.0586  0.4398  0.0000
          229  0.9071  0.3062  0.0586  0.4399  0.0000
          230  0.9072  0.3063  0.0588  0.4401  0.0000
          231  0.9073  0.3063  0.0590  0.4403  0.0000
          232  0.9076  0.3063  0.0593  0.4405  0.0000
          233  0.9076  0.3064  0.0593  0.4406  0.0000
          234  0.9077  0.3065  0.0596  0.4408  0.0000
          235  0.9076  0.3065  0.0594  0.4410  0.0000
          236  0.9078  0.3066  0.0597  0.4412  0.0000
          237  0.9073  0.3066  0.0593  0.4414  0.0000
          238  0.9072  0.3066  0.0592  0.4415  0.0000
          239  0.9073  0.3066  0.0593  0.4417  0.0000
          240  0.9071  0.3067  0.0592  0.4418  0.0000
          241  0.9068  0.3067  0.0590  0.4420  0.0000
          242  0.9070  0.3068  0.0592  0.4422  0.0000
          243  0.9069  0.3068  0.0592  0.4424  0.0000
          244  0.9066  0.3069  0.0589  0.4425  0.0000
          245  0.9065  0.3069  0.0589  0.4427  0.0000
          246  0.9065  0.3070  0.0589  0.4429  0.0000
          247  0.9064  0.3070  0.0589  0.4430  0.0000
          248  0.9063  0.3071  0.0588  0.4432  0.0000
          249  0.9060  0.3071  0.0586  0.4434  0.0000
          250  0.9060  0.3070  0.0586  0.4436  0.0000
          251  0.9058  0.3071  0.0585  0.4438  0.0000
          252  0.9060  0.3072  0.0588  0.4440  0.0000
          253  0.9061  0.3073  0.0589  0.4442  0.0000
          254  0.9061  0.3073  0.0590  0.4444  0.0000
          255  0.9061  0.3070  0.0591  0.4446  0.0000
          256  0.9060  0.3071  0.0590  0.4449  0.0000
          257  0.9059  0.3072  0.0590  0.4451  0.0000
          258  0.9060  0.3073  0.0592  0.4453  0.0000
          259  0.9065  0.3073  0.0597  0.4456  0.0000
          260  0.9063  0.3074  0.0596  0.4458  0.0000
          261  0.9063  0.3075  0.0597  0.4460  0.0000
          262  0.9065  0.3075  0.0600  0.4463  0.0000
          263  0.9067  0.3076  0.0602  0.4465  0.0000
          264  0.9064  0.3077  0.0600  0.4467  0.0000
          265  0.9066  0.3078  0.0603  0.4470  0.0000
          266  0.9066  0.3078  0.0604  0.4473  0.0000
          267  0.9070  0.3079  0.0608  0.4476  0.0000
          268  0.9067  0.3080  0.0606  0.4478  0.0000
          269  0.9067  0.3081  0.0607  0.4481  0.0000
          270  0.9067  0.3082  0.0608  0.4484  0.0000
          271  0.9067  0.3083  0.0609  0.4488  0.0000
          272  0.9068  0.3084  0.0611  0.4491  0.0000
          273  0.9066  0.3085  0.0610  0.4494  0.0000
          274  0.9064  0.3086  0.0609  0.4498  0.0000
          275  0.9063  0.3088  0.0609  0.4501  0.0000
          276  0.9063  0.3089  0.0610  0.4505  0.0000
          277  0.9062  0.3090  0.0610  0.4509  0.0000
          278  0.9060  0.3092  0.0610  0.4513  0.0000
          279  0.9061  0.3094  0.0612  0.4518  0.0000
          280  0.9057  0.3095  0.0609  0.4523  0.0000
          281  0.9060  0.3097  0.0614  0.4528  0.0000
          282  0.9055  0.3099  0.0611  0.4535  0.0000
          283  0.9058  0.3101  0.0616  0.4542  0.0000
          284  0.9058  0.3104  0.0618  0.4550  0.0000
          285  0.9057  0.3107  0.0620  0.4562  0.0000
          286  0.9058  0.3112  0.0625  0.4577  0.0000
          287  0.9055  0.3117  0.0627  0.4600  0.0000
          288  0.9052  0.3125  0.0632  0.4635  0.0000
          289  0.9052  0.3137  0.0645  0.4706  0.0000
          290  0.9051  0.3152  0.0660  0.4798  0.0000

Calibrated metrics on test examples:
  # per cycle     ACC     NLL     ECE     ENT     KLD
-------------  ------  ------  ------  ------  ------
            1  0.8753  0.4165  0.0441  0.3959  1.3547
            2  0.8879  0.3716  0.0327  0.3477  1.0164
            3  0.8924  0.3546  0.0215  0.3247  0.8930
            4  0.8953  0.3413  0.0153  0.3140  0.8414
            5  0.8957  0.3313  0.0148  0.3091  0.8172
            6  0.8988  0.3249  0.0136  0.3034  0.7984
            7  0.8987  0.3220  0.0131  0.3006  0.7906
            8  0.8998  0.3200  0.0132  0.2980  0.7828
            9  0.8990  0.3194  0.0127  0.2982  0.7844
           10  0.8996  0.3160  0.0103  0.2941  0.7719
           11  0.8994  0.3155  0.0108  0.2936  0.7703
           12  0.8992  0.3147  0.0115  0.2918  0.7656
           13  0.8994  0.3148  0.0100  0.2909  0.7633
           14  0.8996  0.3132  0.0106  0.2898  0.7594
           15  0.9002  0.3122  0.0110  0.2878  0.7531
           16  0.9004  0.3110  0.0126  0.2870  0.7500
           17  0.9011  0.3106  0.0131  0.2867  0.7492
           18  0.9003  0.3097  0.0115  0.2851  0.7437
           19  0.9007  0.3094  0.0102  0.2850  0.7422
           20  0.9001  0.3093  0.0111  0.2841  0.7391
           21  0.8998  0.3089  0.0104  0.2837  0.7375
           22  0.8995  0.3074  0.0098  0.2823  0.7336
           23  0.8995  0.3068  0.0119  0.2817  0.7312
           24  0.9005  0.3056  0.0104  0.2804  0.7281
           25  0.9009  0.3047  0.0108  0.2796  0.7258
           26  0.9007  0.3039  0.0102  0.2787  0.7234
           27  0.9011  0.3035  0.0098  0.2778  0.7211
           28  0.9009  0.3032  0.0105  0.2771  0.7195
           29  0.9000  0.3028  0.0105  0.2764  0.7180
           30  0.9001  0.3024  0.0112  0.2762  0.7172
           31  0.9002  0.3017  0.0111  0.2760  0.7156
           32  0.8999  0.3014  0.0106  0.2763  0.7156
           33  0.9006  0.3009  0.0088  0.2763  0.7148
           34  0.9006  0.3000  0.0095  0.2759  0.7141
           35  0.9011  0.2994  0.0096  0.2761  0.7141
           36  0.9013  0.2991  0.0099  0.2757  0.7133
           37  0.9014  0.2986  0.0098  0.2754  0.7125
           38  0.9014  0.2984  0.0112  0.2755  0.7125
           39  0.9020  0.2984  0.0115  0.2753  0.7117
           40  0.9026  0.2980  0.0109  0.2750  0.7109
           41  0.9027  0.2977  0.0110  0.2744  0.7094
           42  0.9029  0.2976  0.0123  0.2736  0.7078
           43  0.9036  0.2974  0.0120  0.2734  0.7070
           44  0.9037  0.2974  0.0113  0.2734  0.7070
           45  0.9035  0.2967  0.0105  0.2732  0.7062
           46  0.9029  0.2966  0.0111  0.2725  0.7047
           47  0.9031  0.2963  0.0105  0.2726  0.7047
           48  0.9032  0.2960  0.0106  0.2724  0.7039
           49  0.9034  0.2954  0.0103  0.2717  0.7023
           50  0.9036  0.2951  0.0097  0.2718  0.7023
           51  0.9033  0.2948  0.0089  0.2710  0.7008
           52  0.9032  0.2947  0.0090  0.2711  0.7008
           53  0.9031  0.2945  0.0098  0.2707  0.7000
           54  0.9033  0.2942  0.0100  0.2704  0.6992
           55  0.9033  0.2940  0.0100  0.2701  0.6984
           56  0.9029  0.2937  0.0104  0.2697  0.6977
           57  0.9032  0.2934  0.0106  0.2698  0.6977
           58  0.9027  0.2930  0.0110  0.2694  0.6969
           59  0.9031  0.2929  0.0105  0.2695  0.6969
           60  0.9031  0.2927  0.0099  0.2692  0.6961
           61  0.9030  0.2926  0.0098  0.2689  0.6953
           62  0.9028  0.2925  0.0104  0.2690  0.6953
           63  0.9029  0.2925  0.0099  0.2687  0.6945
           64  0.9032  0.2923  0.0096  0.2687  0.6945
           65  0.9034  0.2922  0.0096  0.2683  0.6937
           66  0.9040  0.2920  0.0093  0.2684  0.6937
           67  0.9035  0.2919  0.0104  0.2684  0.6937
           68  0.9032  0.2917  0.0109  0.2681  0.6930
           69  0.9040  0.2914  0.0108  0.2681  0.6930
           70  0.9040  0.2913  0.0111  0.2677  0.6922
           71  0.9038  0.2911  0.0112  0.2678  0.6922
           72  0.9041  0.2910  0.0113  0.2678  0.6922
           73  0.9042  0.2910  0.0105  0.2679  0.6922
           74  0.9040  0.2909  0.0102  0.2676  0.6914
           75  0.9052  0.2908  0.0088  0.2677  0.6914
           76  0.9050  0.2908  0.0092  0.2678  0.6914
           77  0.9052  0.2908  0.0081  0.2675  0.6906
           78  0.9052  0.2908  0.0086  0.2675  0.6906
           79  0.9048  0.2907  0.0084  0.2676  0.6906
           80  0.9056  0.2906  0.0081  0.2676  0.6906
           81  0.9058  0.2905  0.0093  0.2673  0.6898
           82  0.9055  0.2905  0.0091  0.2674  0.6898
           83  0.9057  0.2904  0.0103  0.2675  0.6898
           84  0.9057  0.2904  0.0086  0.2676  0.6898
           85  0.9058  0.2903  0.0089  0.2672  0.6891
           86  0.9061  0.2901  0.0089  0.2673  0.6891
           87  0.9053  0.2901  0.0095  0.2673  0.6891
           88  0.9052  0.2900  0.0086  0.2670  0.6883
           89  0.9054  0.2899  0.0081  0.2670  0.6883
           90  0.9054  0.2897  0.0087  0.2670  0.6883
           91  0.9059  0.2896  0.0072  0.2671  0.6883
           92  0.9058  0.2894  0.0072  0.2672  0.6883
           93  0.9057  0.2893  0.0074  0.2672  0.6883
           94  0.9059  0.2893  0.0074  0.2672  0.6883
           95  0.9057  0.2891  0.0064  0.2669  0.6875
           96  0.9056  0.2890  0.0067  0.2669  0.6875
           97  0.9057  0.2891  0.0069  0.2669  0.6875
           98  0.9060  0.2891  0.0072  0.2669  0.6875
           99  0.9061  0.2890  0.0081  0.2670  0.6875
          100  0.9059  0.2890  0.0073  0.2666  0.6867
          101  0.9059  0.2888  0.0080  0.2667  0.6867
          102  0.9060  0.2887  0.0086  0.2671  0.6875
          103  0.9059  0.2886  0.0084  0.2668  0.6867
          104  0.9057  0.2884  0.0080  0.2668  0.6867
          105  0.9062  0.2884  0.0078  0.2665  0.6859
          106  0.9063  0.2883  0.0080  0.2665  0.6859
          107  0.9066  0.2882  0.0086  0.2665  0.6859
          108  0.9061  0.2880  0.0088  0.2666  0.6859
          109  0.9062  0.2880  0.0097  0.2667  0.6859
          110  0.9061  0.2879  0.0087  0.2667  0.6859
          111  0.9062  0.2879  0.0081  0.2667  0.6859
          112  0.9059  0.2879  0.0079  0.2664  0.6852
          113  0.9059  0.2877  0.0080  0.2665  0.6852
          114  0.9062  0.2876  0.0083  0.2666  0.6852
          115  0.9059  0.2875  0.0083  0.2666  0.6852
          116  0.9057  0.2875  0.0085  0.2666  0.6852
          117  0.9057  0.2873  0.0086  0.2667  0.6852
          118  0.9057  0.2872  0.0086  0.2667  0.6852
          119  0.9056  0.2872  0.0094  0.2668  0.6852
          120  0.9055  0.2872  0.0088  0.2668  0.6852
          121  0.9054  0.2871  0.0085  0.2668  0.6852
          122  0.9051  0.2869  0.0095  0.2668  0.6852
          123  0.9055  0.2868  0.0089  0.2669  0.6852
          124  0.9058  0.2867  0.0091  0.2673  0.6859
          125  0.9060  0.2866  0.0097  0.2669  0.6852
          126  0.9060  0.2865  0.0092  0.2670  0.6852
          127  0.9062  0.2864  0.0091  0.2670  0.6852
          128  0.9061  0.2864  0.0094  0.2670  0.6852
          129  0.9063  0.2864  0.0094  0.2667  0.6844
          130  0.9066  0.2863  0.0095  0.2667  0.6844
          131  0.9064  0.2862  0.0098  0.2668  0.6844
          132  0.9065  0.2861  0.0102  0.2668  0.6844
          133  0.9065  0.2861  0.0101  0.2669  0.6844
          134  0.9064  0.2860  0.0100  0.2665  0.6836
          135  0.9067  0.2860  0.0101  0.2666  0.6836
          136  0.9065  0.2860  0.0094  0.2662  0.6828
          137  0.9062  0.2859  0.0098  0.2663  0.6828
          138  0.9062  0.2859  0.0092  0.2662  0.6828
          139  0.9063  0.2858  0.0093  0.2663  0.6828
          140  0.9063  0.2858  0.0099  0.2663  0.6828
          141  0.9063  0.2859  0.0101  0.2663  0.6828
          142  0.9063  0.2858  0.0093  0.2663  0.6828
          143  0.9062  0.2857  0.0099  0.2664  0.6828
          144  0.9060  0.2856  0.0094  0.2665  0.6828
          145  0.9058  0.2855  0.0096  0.2665  0.6828
          146  0.9060  0.2855  0.0098  0.2666  0.6828
          147  0.9061  0.2854  0.0091  0.2667  0.6828
          148  0.9064  0.2854  0.0090  0.2663  0.6820
          149  0.9059  0.2853  0.0082  0.2663  0.6820
          150  0.9058  0.2852  0.0089  0.2664  0.6820
          151  0.9061  0.2852  0.0086  0.2664  0.6820
          152  0.9058  0.2852  0.0088  0.2665  0.6820
          153  0.9061  0.2851  0.0093  0.2665  0.6820
          154  0.9061  0.2852  0.0091  0.2665  0.6820
          155  0.9061  0.2851  0.0091  0.2665  0.6820
          156  0.9064  0.2851  0.0079  0.2665  0.6820
          157  0.9065  0.2851  0.0089  0.2662  0.6812
          158  0.9064  0.2851  0.0086  0.2662  0.6812
          159  0.9068  0.2852  0.0085  0.2662  0.6812
          160  0.9067  0.2852  0.0087  0.2663  0.6812
          161  0.9070  0.2851  0.0089  0.2663  0.6812
          162  0.9067  0.2850  0.0097  0.2663  0.6812
          163  0.9065  0.2850  0.0090  0.2664  0.6812
          164  0.9066  0.2850  0.0093  0.2664  0.6812
          165  0.9066  0.2850  0.0082  0.2664  0.6812
          166  0.9066  0.2851  0.0084  0.2661  0.6805
          167  0.9066  0.2850  0.0098  0.2661  0.6805
          168  0.9065  0.2850  0.0093  0.2665  0.6812
          169  0.9068  0.2850  0.0092  0.2666  0.6812
          170  0.9069  0.2850  0.0086  0.2662  0.6805
          171  0.9068  0.2851  0.0083  0.2663  0.6805
          172  0.9069  0.2850  0.0090  0.2663  0.6805
          173  0.9068  0.2850  0.0092  0.2664  0.6805
          174  0.9070  0.2850  0.0082  0.2664  0.6805
          175  0.9071  0.2849  0.0094  0.2664  0.6805
          176  0.9071  0.2849  0.0091  0.2665  0.6805
          177  0.9070  0.2849  0.0096  0.2666  0.6805
          178  0.9074  0.2849  0.0099  0.2663  0.6797
          179  0.9074  0.2849  0.0098  0.2663  0.6797
          180  0.9076  0.2849  0.0095  0.2664  0.6797
          181  0.9076  0.2848  0.0101  0.2664  0.6797
          182  0.9075  0.2848  0.0091  0.2664  0.6797
          183  0.9076  0.2847  0.0095  0.2665  0.6797
          184  0.9077  0.2847  0.0096  0.2662  0.6789
          185  0.9076  0.2847  0.0092  0.2662  0.6789
          186  0.9076  0.2847  0.0085  0.2662  0.6789
          187  0.9073  0.2846  0.0080  0.2663  0.6789
          188  0.9073  0.2846  0.0082  0.2663  0.6789
          189  0.9073  0.2846  0.0083  0.2663  0.6789
          190  0.9076  0.2845  0.0079  0.2664  0.6789
          191  0.9074  0.2845  0.0073  0.2660  0.6781
          192  0.9072  0.2845  0.0073  0.2661  0.6781
          193  0.9072  0.2844  0.0072  0.2661  0.6781
          194  0.9075  0.2844  0.0073  0.2661  0.6781
          195  0.9075  0.2844  0.0075  0.2661  0.6781
          196  0.9075  0.2844  0.0071  0.2662  0.6781
          197  0.9076  0.2844  0.0071  0.2662  0.6781
          198  0.9073  0.2844  0.0075  0.2663  0.6781
          199  0.9075  0.2844  0.0074  0.2664  0.6781
          200  0.9076  0.2844  0.0070  0.2664  0.6781
          201  0.9071  0.2844  0.0071  0.2665  0.6781
          202  0.9075  0.2843  0.0075  0.2662  0.6773
          203  0.9072  0.2843  0.0069  0.2663  0.6773
          204  0.9073  0.2842  0.0068  0.2663  0.6773
          205  0.9076  0.2842  0.0069  0.2664  0.6773
          206  0.9073  0.2842  0.0069  0.2665  0.6773
          207  0.9075  0.2843  0.0070  0.2661  0.6766
          208  0.9073  0.2842  0.0075  0.2662  0.6766
          209  0.9075  0.2842  0.0069  0.2662  0.6766
          210  0.9073  0.2842  0.0072  0.2663  0.6766
          211  0.9072  0.2842  0.0071  0.2664  0.6766
          212  0.9075  0.2842  0.0075  0.2664  0.6766
          213  0.9073  0.2841  0.0079  0.2665  0.6766
          214  0.9073  0.2841  0.0077  0.2666  0.6766
          215  0.9076  0.2841  0.0082  0.2662  0.6758
          216  0.9074  0.2841  0.0077  0.2663  0.6758
          217  0.9076  0.2840  0.0080  0.2664  0.6758
          218  0.9073  0.2841  0.0079  0.2665  0.6758
          219  0.9074  0.2841  0.0078  0.2666  0.6758
          220  0.9077  0.2841  0.0076  0.2666  0.6758
          221  0.9075  0.2841  0.0078  0.2667  0.6758
          222  0.9074  0.2842  0.0071  0.2668  0.6758
          223  0.9074  0.2842  0.0069  0.2669  0.6758
          224  0.9074  0.2842  0.0067  0.2666  0.6750
          225  0.9071  0.2842  0.0067  0.2666  0.6750
          226  0.9071  0.2842  0.0069  0.2667  0.6750
          227  0.9071  0.2842  0.0068  0.2668  0.6750
          228  0.9071  0.2841  0.0070  0.2670  0.6750
          229  0.9071  0.2841  0.0071  0.2671  0.6750
          230  0.9072  0.2841  0.0075  0.2668  0.6742
          231  0.9073  0.2842  0.0070  0.2669  0.6742
          232  0.9076  0.2841  0.0071  0.2670  0.6742
          233  0.9076  0.2841  0.0072  0.2671  0.6742
          234  0.9077  0.2842  0.0070  0.2671  0.6742
          235  0.9076  0.2842  0.0070  0.2669  0.6734
          236  0.9078  0.2843  0.0068  0.2669  0.6734
          237  0.9073  0.2842  0.0067  0.2671  0.6734
          238  0.9072  0.2842  0.0066  0.2671  0.6734
          239  0.9073  0.2841  0.0067  0.2672  0.6734
          240  0.9071  0.2841  0.0057  0.2669  0.6727
          241  0.9068  0.2841  0.0061  0.2670  0.6727
          242  0.9070  0.2842  0.0061  0.2672  0.6727
          243  0.9069  0.2841  0.0060  0.2673  0.6727
          244  0.9066  0.2842  0.0057  0.2674  0.6727
          245  0.9065  0.2842  0.0061  0.2674  0.6727
          246  0.9065  0.2842  0.0062  0.2671  0.6719
          247  0.9064  0.2843  0.0064  0.2672  0.6719
          248  0.9063  0.2843  0.0061  0.2673  0.6719
          249  0.9060  0.2842  0.0065  0.2674  0.6719
          250  0.9060  0.2841  0.0061  0.2676  0.6719
          251  0.9058  0.2841  0.0058  0.2677  0.6719
          252  0.9060  0.2841  0.0056  0.2674  0.6711
          253  0.9061  0.2842  0.0057  0.2675  0.6711
          254  0.9061  0.2842  0.0059  0.2676  0.6711
          255  0.9061  0.2837  0.0053  0.2677  0.6711
          256  0.9060  0.2837  0.0049  0.2679  0.6711
          257  0.9059  0.2837  0.0059  0.2676  0.6703
          258  0.9060  0.2838  0.0057  0.2677  0.6703
          259  0.9065  0.2838  0.0059  0.2679  0.6703
          260  0.9063  0.2838  0.0056  0.2680  0.6703
          261  0.9063  0.2838  0.0057  0.2681  0.6703
          262  0.9065  0.2838  0.0051  0.2679  0.6695
          263  0.9067  0.2838  0.0062  0.2680  0.6695
          264  0.9064  0.2838  0.0053  0.2681  0.6695
          265  0.9066  0.2839  0.0058  0.2683  0.6695
          266  0.9066  0.2839  0.0059  0.2681  0.6687
          267  0.9070  0.2839  0.0062  0.2682  0.6687
          268  0.9067  0.2839  0.0058  0.2684  0.6687
          269  0.9067  0.2839  0.0062  0.2681  0.6680
          270  0.9067  0.2840  0.0065  0.2683  0.6680
          271  0.9067  0.2840  0.0070  0.2685  0.6680
          272  0.9068  0.2841  0.0073  0.2686  0.6680
          273  0.9066  0.2841  0.0069  0.2684  0.6672
          274  0.9064  0.2842  0.0068  0.2686  0.6672
          275  0.9063  0.2843  0.0069  0.2684  0.6664
          276  0.9063  0.2843  0.0067  0.2686  0.6664
          277  0.9062  0.2844  0.0062  0.2689  0.6664
          278  0.9060  0.2845  0.0053  0.2687  0.6656
          279  0.9061  0.2846  0.0054  0.2689  0.6656
          280  0.9057  0.2846  0.0052  0.2688  0.6648
          281  0.9060  0.2846  0.0050  0.2691  0.6648
          282  0.9055  0.2847  0.0048  0.2690  0.6641
          283  0.9058  0.2848  0.0055  0.2693  0.6641
          284  0.9058  0.2849  0.0054  0.2693  0.6633
          285  0.9057  0.2850  0.0061  0.2694  0.6625
          286  0.9058  0.2852  0.0060  0.2696  0.6617
          287  0.9055  0.2853  0.0062  0.2697  0.6602
          288  0.9052  0.2855  0.0063  0.2699  0.6586
          289  0.9052  0.2854  0.0064  0.2702  0.6562
          290  0.9051  0.2853  0.0061  0.2704  0.6531

