Command Line Args: Namespace(config_file='./configs/C10_WRN28x1-BN-ReLU_SGD.yaml', weight_file='./outputs/C10_WRN28x1-BN-ReLU_SGD_20211014/best_acc1.pth.tar', ensemble_size=8, ensemble_progress=True, opts=[])

Standard metrics on test examples:
  # Ens     ACC     NLL     ECE     ENT     KLD
-------  ------  ------  ------  ------  ------
      1  0.9231  0.2801  0.0396  0.1031  0.0000
      2  0.9423  0.1997  0.0141  0.1375  0.2619
      3  0.9429  0.1805  0.0110  0.1482  0.2505
      4  0.9460  0.1701  0.0086  0.1560  0.2528
      5  0.9489  0.1641  0.0094  0.1588  0.2499
      6  0.9496  0.1599  0.0100  0.1621  0.2499
      7  0.9495  0.1568  0.0097  0.1632  0.2458
      8  0.9507  0.1543  0.0118  0.1649  0.2440

Calibrated metrics on test examples:
  # Ens     ACC     NLL     ECE     ENT      TS
-------  ------  ------  ------  ------  ------
      1  0.9231  0.2346  0.0043  0.2476  1.6781
      2  0.9423  0.1917  0.0160  0.1978  1.3086
      3  0.9429  0.1782  0.0119  0.1839  1.1805
      4  0.9460  0.1697  0.0119  0.1769  1.1031
      5  0.9489  0.1642  0.0127  0.1733  1.0703
      6  0.9496  0.1601  0.0131  0.1712  1.0430
      7  0.9495  0.1569  0.0108  0.1668  1.0172
      8  0.9507  0.1543  0.0119  0.1653  1.0016

